2025-02-04 02:39:13,507 INFO o.h.v.i.u.Version [background-preinit] HV000001: Hibernate Validator 8.0.1.Final
2025-02-04 02:39:13,561 INFO o.s.b.StartupInfoLogger [restartedMain] Starting HappySchoolApplication using Java 21.0.4 with PID 147221 (/home/wolf/Documentos/desenvolvimento/estudos/udemy-eazybytes-master-spring6-spring-boot3-rest-jpa-hibernate/happyschool/target/classes started by wolf in /home/wolf/Documentos/desenvolvimento/estudos/udemy-eazybytes-master-spring6-spring-boot3-rest-jpa-hibernate/happyschool)
2025-02-04 02:39:13,562 INFO o.s.b.SpringApplication [restartedMain] The following 1 profile is active: "development"
2025-02-04 02:39:13,640 INFO o.s.b.l.DeferredLog [restartedMain] Devtools property defaults active! Set 'spring.devtools.add-properties' to 'false' to disable
2025-02-04 02:39:13,641 INFO o.s.b.l.DeferredLog [restartedMain] For additional web related logging consider setting the 'logging.level.web' property to 'DEBUG'
2025-02-04 02:39:14,699 INFO o.s.d.r.c.RepositoryConfigurationDelegate [restartedMain] Bootstrapping Spring Data JPA repositories in DEFAULT mode.
2025-02-04 02:39:14,752 INFO o.s.d.r.c.RepositoryConfigurationDelegate [restartedMain] Finished Spring Data repository scanning in 45 ms. Found 5 JPA repository interfaces.
2025-02-04 02:39:16,517 INFO o.s.b.w.e.t.TomcatWebServer [restartedMain] Tomcat initialized with port 8085 (http)
2025-02-04 02:39:16,532 INFO o.a.j.l.DirectJDKLog [restartedMain] Initializing ProtocolHandler ["http-nio-8085"]
2025-02-04 02:39:16,534 INFO o.a.j.l.DirectJDKLog [restartedMain] Starting service [Tomcat]
2025-02-04 02:39:16,535 INFO o.a.j.l.DirectJDKLog [restartedMain] Starting Servlet engine: [Apache Tomcat/10.1.25]
2025-02-04 02:39:16,587 INFO o.a.j.l.DirectJDKLog [restartedMain] Initializing Spring embedded WebApplicationContext
2025-02-04 02:39:16,589 INFO o.s.b.w.s.c.ServletWebServerApplicationContext [restartedMain] Root WebApplicationContext: initialization completed in 2946 ms
2025-02-04 02:39:17,228 INFO o.h.j.i.u.LogHelper [restartedMain] HHH000204: Processing PersistenceUnitInfo [name: default]
2025-02-04 02:39:17,281 INFO o.h.Version [restartedMain] HHH000412: Hibernate ORM core version 6.5.2.Final
2025-02-04 02:39:17,289 WARN o.h.j.b.i.EntityManagerFactoryBuilderImpl [restartedMain] HHH90000021: Encountered deprecated setting [javax.persistence.validation.mode], use [jakarta.persistence.validation.mode] instead
2025-02-04 02:39:17,321 INFO o.h.c.i.RegionFactoryInitiator [restartedMain] HHH000026: Second-level cache disabled
2025-02-04 02:39:17,655 INFO o.s.o.j.p.SpringPersistenceUnitInfo [restartedMain] No LoadTimeWeaver setup: ignoring JPA class transformer
2025-02-04 02:39:17,691 INFO c.z.h.HikariDataSource [restartedMain] HikariPool-1 - Starting...
2025-02-04 02:39:17,870 INFO c.z.h.p.HikariPool [restartedMain] HikariPool-1 - Added connection com.mysql.cj.jdbc.ConnectionImpl@29000087
2025-02-04 02:39:17,873 INFO c.z.h.HikariDataSource [restartedMain] HikariPool-1 - Start completed.
2025-02-04 02:39:19,001 INFO o.h.e.t.j.p.i.JtaPlatformInitiator [restartedMain] HHH000489: No JTA platform available (set 'hibernate.transaction.jta.platform' to enable JTA platform integration)
2025-02-04 02:39:19,070 INFO o.s.o.j.AbstractEntityManagerFactoryBean [restartedMain] Initialized JPA EntityManagerFactory for persistence unit 'default'
2025-02-04 02:39:20,180 WARN o.s.b.a.o.j.JpaBaseConfiguration$JpaWebConfiguration [restartedMain] spring.jpa.open-in-view is enabled by default. Therefore, database queries may be performed during view rendering. Explicitly configure spring.jpa.open-in-view to disable this warning
2025-02-04 02:39:20,277 INFO o.s.s.c.a.a.c.InitializeAuthenticationProviderBeanManagerConfigurer$InitializeAuthenticationProviderManagerConfigurer [restartedMain] Global AuthenticationManager configured with AuthenticationProvider bean with name happySchoolUsernamePasswordAuthenticationProvider
2025-02-04 02:39:21,139 INFO o.s.b.a.e.w.EndpointLinksResolver [restartedMain] Exposing 14 endpoints beneath base path '/happyschool/actuator'
2025-02-04 02:39:22,094 INFO o.s.b.d.a.OptionalLiveReloadServer [restartedMain] LiveReload server is running on port 35729
2025-02-04 02:39:22,164 INFO o.a.j.l.DirectJDKLog [restartedMain] Starting ProtocolHandler ["http-nio-8085"]
2025-02-04 02:39:22,178 INFO o.s.b.w.e.t.TomcatWebServer [restartedMain] Tomcat started on port 8085 (http) with context path '/'
2025-02-04 02:39:22,202 INFO o.s.b.StartupInfoLogger [restartedMain] Started HappySchoolApplication in 9.222 seconds (process running for 10.198)
2025-02-04 02:41:22,241 INFO o.s.o.j.AbstractEntityManagerFactoryBean [SpringApplicationShutdownHook] Closing JPA EntityManagerFactory for persistence unit 'default'
2025-02-04 02:41:22,245 INFO c.z.h.HikariDataSource [SpringApplicationShutdownHook] HikariPool-1 - Shutdown initiated...
2025-02-04 02:41:22,253 INFO c.z.h.HikariDataSource [SpringApplicationShutdownHook] HikariPool-1 - Shutdown completed.
2025-02-04 02:44:53,658 INFO o.h.v.i.u.Version [background-preinit] HV000001: Hibernate Validator 8.0.1.Final
2025-02-04 02:44:53,708 INFO o.s.b.StartupInfoLogger [restartedMain] Starting HappySchoolApplication using Java 21.0.4 with PID 147421 (/home/wolf/Documentos/desenvolvimento/estudos/udemy-eazybytes-master-spring6-spring-boot3-rest-jpa-hibernate/happyschool/target/classes started by wolf in /home/wolf/Documentos/desenvolvimento/estudos/udemy-eazybytes-master-spring6-spring-boot3-rest-jpa-hibernate/happyschool)
2025-02-04 02:44:53,710 INFO o.s.b.SpringApplication [restartedMain] The following 1 profile is active: "development"
2025-02-04 02:44:53,798 INFO o.s.b.l.DeferredLog [restartedMain] Devtools property defaults active! Set 'spring.devtools.add-properties' to 'false' to disable
2025-02-04 02:44:53,798 INFO o.s.b.l.DeferredLog [restartedMain] For additional web related logging consider setting the 'logging.level.web' property to 'DEBUG'
2025-02-04 02:44:55,179 INFO o.s.d.r.c.RepositoryConfigurationDelegate [restartedMain] Bootstrapping Spring Data JPA repositories in DEFAULT mode.
2025-02-04 02:44:55,246 INFO o.s.d.r.c.RepositoryConfigurationDelegate [restartedMain] Finished Spring Data repository scanning in 57 ms. Found 5 JPA repository interfaces.
2025-02-04 02:44:57,037 INFO o.s.b.w.e.t.TomcatWebServer [restartedMain] Tomcat initialized with port 8085 (http)
2025-02-04 02:44:57,050 INFO o.a.j.l.DirectJDKLog [restartedMain] Initializing ProtocolHandler ["http-nio-8085"]
2025-02-04 02:44:57,053 INFO o.a.j.l.DirectJDKLog [restartedMain] Starting service [Tomcat]
2025-02-04 02:44:57,053 INFO o.a.j.l.DirectJDKLog [restartedMain] Starting Servlet engine: [Apache Tomcat/10.1.25]
2025-02-04 02:44:57,101 INFO o.a.j.l.DirectJDKLog [restartedMain] Initializing Spring embedded WebApplicationContext
2025-02-04 02:44:57,103 INFO o.s.b.w.s.c.ServletWebServerApplicationContext [restartedMain] Root WebApplicationContext: initialization completed in 3302 ms
2025-02-04 02:44:57,638 INFO o.h.j.i.u.LogHelper [restartedMain] HHH000204: Processing PersistenceUnitInfo [name: default]
2025-02-04 02:44:57,680 INFO o.h.Version [restartedMain] HHH000412: Hibernate ORM core version 6.5.2.Final
2025-02-04 02:44:57,708 INFO o.h.c.i.RegionFactoryInitiator [restartedMain] HHH000026: Second-level cache disabled
2025-02-04 02:44:57,976 INFO o.s.o.j.p.SpringPersistenceUnitInfo [restartedMain] No LoadTimeWeaver setup: ignoring JPA class transformer
2025-02-04 02:44:57,997 INFO c.z.h.HikariDataSource [restartedMain] HikariPool-1 - Starting...
2025-02-04 02:44:58,148 INFO c.z.h.p.HikariPool [restartedMain] HikariPool-1 - Added connection com.mysql.cj.jdbc.ConnectionImpl@1fbcf3ed
2025-02-04 02:44:58,150 INFO c.z.h.HikariDataSource [restartedMain] HikariPool-1 - Start completed.
2025-02-04 02:44:59,427 INFO o.h.e.t.j.p.i.JtaPlatformInitiator [restartedMain] HHH000489: No JTA platform available (set 'hibernate.transaction.jta.platform' to enable JTA platform integration)
2025-02-04 02:44:59,497 INFO o.s.o.j.AbstractEntityManagerFactoryBean [restartedMain] Initialized JPA EntityManagerFactory for persistence unit 'default'
2025-02-04 02:45:00,662 INFO o.s.s.c.a.a.c.InitializeAuthenticationProviderBeanManagerConfigurer$InitializeAuthenticationProviderManagerConfigurer [restartedMain] Global AuthenticationManager configured with AuthenticationProvider bean with name happySchoolUsernamePasswordAuthenticationProvider
2025-02-04 02:45:01,497 INFO o.s.b.a.e.w.EndpointLinksResolver [restartedMain] Exposing 14 endpoints beneath base path '/happyschool/actuator'
2025-02-04 02:45:02,359 INFO o.s.b.d.a.OptionalLiveReloadServer [restartedMain] LiveReload server is running on port 35729
2025-02-04 02:45:02,421 INFO o.a.j.l.DirectJDKLog [restartedMain] Starting ProtocolHandler ["http-nio-8085"]
2025-02-04 02:45:02,433 INFO o.s.b.w.e.t.TomcatWebServer [restartedMain] Tomcat started on port 8085 (http) with context path '/'
2025-02-04 02:45:02,452 INFO o.s.b.StartupInfoLogger [restartedMain] Started HappySchoolApplication in 9.359 seconds (process running for 10.301)
2025-02-04 02:45:34,230 INFO o.s.o.j.AbstractEntityManagerFactoryBean [SpringApplicationShutdownHook] Closing JPA EntityManagerFactory for persistence unit 'default'
2025-02-04 02:45:34,234 INFO c.z.h.HikariDataSource [SpringApplicationShutdownHook] HikariPool-1 - Shutdown initiated...
2025-02-04 02:45:34,245 INFO c.z.h.HikariDataSource [SpringApplicationShutdownHook] HikariPool-1 - Shutdown completed.
2025-02-04 02:45:36,605 INFO o.h.v.i.u.Version [background-preinit] HV000001: Hibernate Validator 8.0.1.Final
2025-02-04 02:45:36,655 INFO o.s.b.StartupInfoLogger [restartedMain] Starting HappySchoolApplication using Java 21.0.4 with PID 147517 (/home/wolf/Documentos/desenvolvimento/estudos/udemy-eazybytes-master-spring6-spring-boot3-rest-jpa-hibernate/happyschool/target/classes started by wolf in /home/wolf/Documentos/desenvolvimento/estudos/udemy-eazybytes-master-spring6-spring-boot3-rest-jpa-hibernate/happyschool)
2025-02-04 02:45:36,656 INFO o.s.b.SpringApplication [restartedMain] The following 1 profile is active: "development"
2025-02-04 02:45:36,740 INFO o.s.b.l.DeferredLog [restartedMain] Devtools property defaults active! Set 'spring.devtools.add-properties' to 'false' to disable
2025-02-04 02:45:36,741 INFO o.s.b.l.DeferredLog [restartedMain] For additional web related logging consider setting the 'logging.level.web' property to 'DEBUG'
2025-02-04 02:45:37,829 INFO o.s.d.r.c.RepositoryConfigurationDelegate [restartedMain] Bootstrapping Spring Data JPA repositories in DEFAULT mode.
2025-02-04 02:45:37,895 INFO o.s.d.r.c.RepositoryConfigurationDelegate [restartedMain] Finished Spring Data repository scanning in 58 ms. Found 5 JPA repository interfaces.
2025-02-04 02:45:40,058 INFO o.s.b.w.e.t.TomcatWebServer [restartedMain] Tomcat initialized with port 8085 (http)
2025-02-04 02:45:40,072 INFO o.a.j.l.DirectJDKLog [restartedMain] Initializing ProtocolHandler ["http-nio-8085"]
2025-02-04 02:45:40,075 INFO o.a.j.l.DirectJDKLog [restartedMain] Starting service [Tomcat]
2025-02-04 02:45:40,075 INFO o.a.j.l.DirectJDKLog [restartedMain] Starting Servlet engine: [Apache Tomcat/10.1.25]
2025-02-04 02:45:40,130 INFO o.a.j.l.DirectJDKLog [restartedMain] Initializing Spring embedded WebApplicationContext
2025-02-04 02:45:40,132 INFO o.s.b.w.s.c.ServletWebServerApplicationContext [restartedMain] Root WebApplicationContext: initialization completed in 3385 ms
2025-02-04 02:45:40,732 INFO o.h.j.i.u.LogHelper [restartedMain] HHH000204: Processing PersistenceUnitInfo [name: default]
2025-02-04 02:45:40,800 INFO o.h.Version [restartedMain] HHH000412: Hibernate ORM core version 6.5.2.Final
2025-02-04 02:45:40,841 INFO o.h.c.i.RegionFactoryInitiator [restartedMain] HHH000026: Second-level cache disabled
2025-02-04 02:45:41,146 INFO o.s.o.j.p.SpringPersistenceUnitInfo [restartedMain] No LoadTimeWeaver setup: ignoring JPA class transformer
2025-02-04 02:45:41,175 INFO c.z.h.HikariDataSource [restartedMain] HikariPool-1 - Starting...
2025-02-04 02:45:41,352 INFO c.z.h.p.HikariPool [restartedMain] HikariPool-1 - Added connection com.mysql.cj.jdbc.ConnectionImpl@1de41a54
2025-02-04 02:45:41,354 INFO c.z.h.HikariDataSource [restartedMain] HikariPool-1 - Start completed.
2025-02-04 02:45:42,583 INFO o.h.e.t.j.p.i.JtaPlatformInitiator [restartedMain] HHH000489: No JTA platform available (set 'hibernate.transaction.jta.platform' to enable JTA platform integration)
2025-02-04 02:45:42,649 INFO o.s.o.j.AbstractEntityManagerFactoryBean [restartedMain] Initialized JPA EntityManagerFactory for persistence unit 'default'
2025-02-04 02:45:43,827 INFO o.s.s.c.a.a.c.InitializeAuthenticationProviderBeanManagerConfigurer$InitializeAuthenticationProviderManagerConfigurer [restartedMain] Global AuthenticationManager configured with AuthenticationProvider bean with name happySchoolUsernamePasswordAuthenticationProvider
2025-02-04 02:45:44,845 INFO o.s.b.a.e.w.EndpointLinksResolver [restartedMain] Exposing 14 endpoints beneath base path '/happyschool/actuator'
2025-02-04 02:45:45,803 INFO o.s.b.d.a.OptionalLiveReloadServer [restartedMain] LiveReload server is running on port 35729
2025-02-04 02:45:45,885 INFO o.a.j.l.DirectJDKLog [restartedMain] Starting ProtocolHandler ["http-nio-8085"]
2025-02-04 02:45:45,898 INFO o.s.b.w.e.t.TomcatWebServer [restartedMain] Tomcat started on port 8085 (http) with context path '/'
2025-02-04 02:45:45,922 INFO o.s.b.StartupInfoLogger [restartedMain] Started HappySchoolApplication in 9.831 seconds (process running for 10.868)
2025-02-04 02:46:48,270 INFO o.s.o.j.AbstractEntityManagerFactoryBean [SpringApplicationShutdownHook] Closing JPA EntityManagerFactory for persistence unit 'default'
2025-02-04 02:46:48,273 INFO c.z.h.HikariDataSource [SpringApplicationShutdownHook] HikariPool-1 - Shutdown initiated...
2025-02-04 02:46:48,281 INFO c.z.h.HikariDataSource [SpringApplicationShutdownHook] HikariPool-1 - Shutdown completed.
2025-02-04 02:46:50,833 INFO o.h.v.i.u.Version [background-preinit] HV000001: Hibernate Validator 8.0.1.Final
2025-02-04 02:46:50,880 INFO o.s.b.StartupInfoLogger [restartedMain] Starting HappySchoolApplication using Java 21.0.4 with PID 147629 (/home/wolf/Documentos/desenvolvimento/estudos/udemy-eazybytes-master-spring6-spring-boot3-rest-jpa-hibernate/happyschool/target/classes started by wolf in /home/wolf/Documentos/desenvolvimento/estudos/udemy-eazybytes-master-spring6-spring-boot3-rest-jpa-hibernate/happyschool)
2025-02-04 02:46:50,882 INFO o.s.b.SpringApplication [restartedMain] The following 1 profile is active: "development"
2025-02-04 02:46:50,970 INFO o.s.b.l.DeferredLog [restartedMain] Devtools property defaults active! Set 'spring.devtools.add-properties' to 'false' to disable
2025-02-04 02:46:50,971 INFO o.s.b.l.DeferredLog [restartedMain] For additional web related logging consider setting the 'logging.level.web' property to 'DEBUG'
2025-02-04 02:46:52,073 INFO o.s.d.r.c.RepositoryConfigurationDelegate [restartedMain] Bootstrapping Spring Data JPA repositories in DEFAULT mode.
2025-02-04 02:46:52,186 INFO o.s.d.r.c.RepositoryConfigurationDelegate [restartedMain] Finished Spring Data repository scanning in 99 ms. Found 5 JPA repository interfaces.
2025-02-04 02:46:54,078 INFO o.s.b.w.e.t.TomcatWebServer [restartedMain] Tomcat initialized with port 8085 (http)
2025-02-04 02:46:54,091 INFO o.a.j.l.DirectJDKLog [restartedMain] Initializing ProtocolHandler ["http-nio-8085"]
2025-02-04 02:46:54,094 INFO o.a.j.l.DirectJDKLog [restartedMain] Starting service [Tomcat]
2025-02-04 02:46:54,095 INFO o.a.j.l.DirectJDKLog [restartedMain] Starting Servlet engine: [Apache Tomcat/10.1.25]
2025-02-04 02:46:54,148 INFO o.a.j.l.DirectJDKLog [restartedMain] Initializing Spring embedded WebApplicationContext
2025-02-04 02:46:54,150 INFO o.s.b.w.s.c.ServletWebServerApplicationContext [restartedMain] Root WebApplicationContext: initialization completed in 3178 ms
2025-02-04 02:46:54,606 INFO o.h.j.i.u.LogHelper [restartedMain] HHH000204: Processing PersistenceUnitInfo [name: default]
2025-02-04 02:46:54,647 INFO o.h.Version [restartedMain] HHH000412: Hibernate ORM core version 6.5.2.Final
2025-02-04 02:46:54,673 INFO o.h.c.i.RegionFactoryInitiator [restartedMain] HHH000026: Second-level cache disabled
2025-02-04 02:46:54,945 INFO o.s.o.j.p.SpringPersistenceUnitInfo [restartedMain] No LoadTimeWeaver setup: ignoring JPA class transformer
2025-02-04 02:46:54,974 INFO c.z.h.HikariDataSource [restartedMain] HikariPool-1 - Starting...
2025-02-04 02:46:55,150 INFO c.z.h.p.HikariPool [restartedMain] HikariPool-1 - Added connection com.mysql.cj.jdbc.ConnectionImpl@18116ab9
2025-02-04 02:46:55,152 INFO c.z.h.HikariDataSource [restartedMain] HikariPool-1 - Start completed.
2025-02-04 02:46:56,434 INFO o.h.e.t.j.p.i.JtaPlatformInitiator [restartedMain] HHH000489: No JTA platform available (set 'hibernate.transaction.jta.platform' to enable JTA platform integration)
2025-02-04 02:46:56,507 INFO o.s.o.j.AbstractEntityManagerFactoryBean [restartedMain] Initialized JPA EntityManagerFactory for persistence unit 'default'
2025-02-04 02:46:57,725 INFO o.s.s.c.a.a.c.InitializeAuthenticationProviderBeanManagerConfigurer$InitializeAuthenticationProviderManagerConfigurer [restartedMain] Global AuthenticationManager configured with AuthenticationProvider bean with name happySchoolUsernamePasswordAuthenticationProvider
2025-02-04 02:46:58,579 INFO o.s.b.a.e.w.EndpointLinksResolver [restartedMain] Exposing 14 endpoints beneath base path '/happyschool/actuator'
2025-02-04 02:46:59,475 INFO o.s.b.d.a.OptionalLiveReloadServer [restartedMain] LiveReload server is running on port 35729
2025-02-04 02:46:59,553 INFO o.a.j.l.DirectJDKLog [restartedMain] Starting ProtocolHandler ["http-nio-8085"]
2025-02-04 02:46:59,569 INFO o.s.b.w.e.t.TomcatWebServer [restartedMain] Tomcat started on port 8085 (http) with context path '/'
2025-02-04 02:46:59,592 INFO o.s.b.StartupInfoLogger [restartedMain] Started HappySchoolApplication in 9.286 seconds (process running for 10.344)
2025-02-04 02:47:20,214 INFO o.s.o.j.AbstractEntityManagerFactoryBean [SpringApplicationShutdownHook] Closing JPA EntityManagerFactory for persistence unit 'default'
2025-02-04 02:47:20,218 INFO c.z.h.HikariDataSource [SpringApplicationShutdownHook] HikariPool-1 - Shutdown initiated...
2025-02-04 02:47:20,228 INFO c.z.h.HikariDataSource [SpringApplicationShutdownHook] HikariPool-1 - Shutdown completed.
2025-02-04 02:47:23,779 INFO o.h.v.i.u.Version [background-preinit] HV000001: Hibernate Validator 8.0.1.Final
2025-02-04 02:47:23,840 INFO o.s.b.StartupInfoLogger [restartedMain] Starting HappySchoolApplication using Java 21.0.4 with PID 147734 (/home/wolf/Documentos/desenvolvimento/estudos/udemy-eazybytes-master-spring6-spring-boot3-rest-jpa-hibernate/happyschool/target/classes started by wolf in /home/wolf/Documentos/desenvolvimento/estudos/udemy-eazybytes-master-spring6-spring-boot3-rest-jpa-hibernate/happyschool)
2025-02-04 02:47:23,842 INFO o.s.b.SpringApplication [restartedMain] The following 1 profile is active: "development"
2025-02-04 02:47:23,924 INFO o.s.b.l.DeferredLog [restartedMain] Devtools property defaults active! Set 'spring.devtools.add-properties' to 'false' to disable
2025-02-04 02:47:23,925 INFO o.s.b.l.DeferredLog [restartedMain] For additional web related logging consider setting the 'logging.level.web' property to 'DEBUG'
2025-02-04 02:47:24,980 INFO o.s.d.r.c.RepositoryConfigurationDelegate [restartedMain] Bootstrapping Spring Data JPA repositories in DEFAULT mode.
2025-02-04 02:47:25,048 INFO o.s.d.r.c.RepositoryConfigurationDelegate [restartedMain] Finished Spring Data repository scanning in 58 ms. Found 5 JPA repository interfaces.
2025-02-04 02:47:27,117 INFO o.s.b.w.e.t.TomcatWebServer [restartedMain] Tomcat initialized with port 8085 (http)
2025-02-04 02:47:27,136 INFO o.a.j.l.DirectJDKLog [restartedMain] Initializing ProtocolHandler ["http-nio-8085"]
2025-02-04 02:47:27,141 INFO o.a.j.l.DirectJDKLog [restartedMain] Starting service [Tomcat]
2025-02-04 02:47:27,142 INFO o.a.j.l.DirectJDKLog [restartedMain] Starting Servlet engine: [Apache Tomcat/10.1.25]
2025-02-04 02:47:27,222 INFO o.a.j.l.DirectJDKLog [restartedMain] Initializing Spring embedded WebApplicationContext
2025-02-04 02:47:27,225 INFO o.s.b.w.s.c.ServletWebServerApplicationContext [restartedMain] Root WebApplicationContext: initialization completed in 3298 ms
2025-02-04 02:47:27,890 INFO o.h.j.i.u.LogHelper [restartedMain] HHH000204: Processing PersistenceUnitInfo [name: default]
2025-02-04 02:47:27,941 INFO o.h.Version [restartedMain] HHH000412: Hibernate ORM core version 6.5.2.Final
2025-02-04 02:47:27,970 INFO o.h.c.i.RegionFactoryInitiator [restartedMain] HHH000026: Second-level cache disabled
2025-02-04 02:47:28,361 INFO o.s.o.j.p.SpringPersistenceUnitInfo [restartedMain] No LoadTimeWeaver setup: ignoring JPA class transformer
2025-02-04 02:47:28,391 INFO c.z.h.HikariDataSource [restartedMain] HikariPool-1 - Starting...
2025-02-04 02:47:28,568 INFO c.z.h.p.HikariPool [restartedMain] HikariPool-1 - Added connection com.mysql.cj.jdbc.ConnectionImpl@4d765f8e
2025-02-04 02:47:28,571 INFO c.z.h.HikariDataSource [restartedMain] HikariPool-1 - Start completed.
2025-02-04 02:47:29,718 INFO o.h.e.t.j.p.i.JtaPlatformInitiator [restartedMain] HHH000489: No JTA platform available (set 'hibernate.transaction.jta.platform' to enable JTA platform integration)
2025-02-04 02:47:29,791 INFO o.s.o.j.AbstractEntityManagerFactoryBean [restartedMain] Initialized JPA EntityManagerFactory for persistence unit 'default'
2025-02-04 02:47:31,003 INFO o.s.s.c.a.a.c.InitializeAuthenticationProviderBeanManagerConfigurer$InitializeAuthenticationProviderManagerConfigurer [restartedMain] Global AuthenticationManager configured with AuthenticationProvider bean with name happySchoolUsernamePasswordAuthenticationProvider
2025-02-04 02:47:31,752 INFO o.s.b.a.e.w.EndpointLinksResolver [restartedMain] Exposing 14 endpoints beneath base path '/happyschool/actuator'
2025-02-04 02:47:32,688 INFO o.s.b.d.a.OptionalLiveReloadServer [restartedMain] LiveReload server is running on port 35729
2025-02-04 02:47:32,759 INFO o.a.j.l.DirectJDKLog [restartedMain] Starting ProtocolHandler ["http-nio-8085"]
2025-02-04 02:47:32,773 INFO o.s.b.w.e.t.TomcatWebServer [restartedMain] Tomcat started on port 8085 (http) with context path '/'
2025-02-04 02:47:32,794 INFO o.s.b.StartupInfoLogger [restartedMain] Started HappySchoolApplication in 9.532 seconds (process running for 10.457)
2025-02-04 02:48:24,883 INFO o.s.o.j.AbstractEntityManagerFactoryBean [SpringApplicationShutdownHook] Closing JPA EntityManagerFactory for persistence unit 'default'
2025-02-04 02:48:24,886 INFO c.z.h.HikariDataSource [SpringApplicationShutdownHook] HikariPool-1 - Shutdown initiated...
2025-02-04 02:48:24,895 INFO c.z.h.HikariDataSource [SpringApplicationShutdownHook] HikariPool-1 - Shutdown completed.
2025-02-04 02:48:28,951 INFO o.h.v.i.u.Version [background-preinit] HV000001: Hibernate Validator 8.0.1.Final
2025-02-04 02:48:29,023 INFO o.s.b.StartupInfoLogger [restartedMain] Starting HappySchoolApplication using Java 21.0.4 with PID 147840 (/home/wolf/Documentos/desenvolvimento/estudos/udemy-eazybytes-master-spring6-spring-boot3-rest-jpa-hibernate/happyschool/target/classes started by wolf in /home/wolf/Documentos/desenvolvimento/estudos/udemy-eazybytes-master-spring6-spring-boot3-rest-jpa-hibernate/happyschool)
2025-02-04 02:48:29,024 INFO o.s.b.SpringApplication [restartedMain] The following 1 profile is active: "development"
2025-02-04 02:48:29,110 INFO o.s.b.l.DeferredLog [restartedMain] Devtools property defaults active! Set 'spring.devtools.add-properties' to 'false' to disable
2025-02-04 02:48:29,110 INFO o.s.b.l.DeferredLog [restartedMain] For additional web related logging consider setting the 'logging.level.web' property to 'DEBUG'
2025-02-04 02:48:30,124 INFO o.s.d.r.c.RepositoryConfigurationDelegate [restartedMain] Bootstrapping Spring Data JPA repositories in DEFAULT mode.
2025-02-04 02:48:30,187 INFO o.s.d.r.c.RepositoryConfigurationDelegate [restartedMain] Finished Spring Data repository scanning in 55 ms. Found 5 JPA repository interfaces.
2025-02-04 02:48:31,993 INFO o.s.b.w.e.t.TomcatWebServer [restartedMain] Tomcat initialized with port 8085 (http)
2025-02-04 02:48:32,008 INFO o.a.j.l.DirectJDKLog [restartedMain] Initializing ProtocolHandler ["http-nio-8085"]
2025-02-04 02:48:32,010 INFO o.a.j.l.DirectJDKLog [restartedMain] Starting service [Tomcat]
2025-02-04 02:48:32,011 INFO o.a.j.l.DirectJDKLog [restartedMain] Starting Servlet engine: [Apache Tomcat/10.1.25]
2025-02-04 02:48:32,060 INFO o.a.j.l.DirectJDKLog [restartedMain] Initializing Spring embedded WebApplicationContext
2025-02-04 02:48:32,062 INFO o.s.b.w.s.c.ServletWebServerApplicationContext [restartedMain] Root WebApplicationContext: initialization completed in 2949 ms
2025-02-04 02:48:32,622 INFO o.h.j.i.u.LogHelper [restartedMain] HHH000204: Processing PersistenceUnitInfo [name: default]
2025-02-04 02:48:32,677 INFO o.h.Version [restartedMain] HHH000412: Hibernate ORM core version 6.5.2.Final
2025-02-04 02:48:32,714 INFO o.h.c.i.RegionFactoryInitiator [restartedMain] HHH000026: Second-level cache disabled
2025-02-04 02:48:33,017 INFO o.s.o.j.p.SpringPersistenceUnitInfo [restartedMain] No LoadTimeWeaver setup: ignoring JPA class transformer
2025-02-04 02:48:33,044 INFO c.z.h.HikariDataSource [restartedMain] HikariPool-1 - Starting...
2025-02-04 02:48:33,205 INFO c.z.h.p.HikariPool [restartedMain] HikariPool-1 - Added connection com.mysql.cj.jdbc.ConnectionImpl@7d9a2df
2025-02-04 02:48:33,207 INFO c.z.h.HikariDataSource [restartedMain] HikariPool-1 - Start completed.
2025-02-04 02:48:34,547 INFO o.h.e.t.j.p.i.JtaPlatformInitiator [restartedMain] HHH000489: No JTA platform available (set 'hibernate.transaction.jta.platform' to enable JTA platform integration)
2025-02-04 02:48:34,617 INFO o.s.o.j.AbstractEntityManagerFactoryBean [restartedMain] Initialized JPA EntityManagerFactory for persistence unit 'default'
2025-02-04 02:48:35,908 INFO o.s.s.c.a.a.c.InitializeAuthenticationProviderBeanManagerConfigurer$InitializeAuthenticationProviderManagerConfigurer [restartedMain] Global AuthenticationManager configured with AuthenticationProvider bean with name happySchoolUsernamePasswordAuthenticationProvider
2025-02-04 02:48:36,765 INFO o.s.b.a.e.w.EndpointLinksResolver [restartedMain] Exposing 14 endpoints beneath base path '/happyschool/actuator'
2025-02-04 02:48:37,808 INFO o.s.b.d.a.OptionalLiveReloadServer [restartedMain] LiveReload server is running on port 35729
2025-02-04 02:48:37,886 INFO o.a.j.l.DirectJDKLog [restartedMain] Starting ProtocolHandler ["http-nio-8085"]
2025-02-04 02:48:37,901 INFO o.s.b.w.e.t.TomcatWebServer [restartedMain] Tomcat started on port 8085 (http) with context path '/'
2025-02-04 02:48:37,922 INFO o.s.b.StartupInfoLogger [restartedMain] Started HappySchoolApplication in 9.478 seconds (process running for 10.489)
2025-02-04 02:48:47,045 INFO o.s.o.j.AbstractEntityManagerFactoryBean [SpringApplicationShutdownHook] Closing JPA EntityManagerFactory for persistence unit 'default'
2025-02-04 02:48:47,049 INFO c.z.h.HikariDataSource [SpringApplicationShutdownHook] HikariPool-1 - Shutdown initiated...
2025-02-04 02:48:47,062 INFO c.z.h.HikariDataSource [SpringApplicationShutdownHook] HikariPool-1 - Shutdown completed.
2025-02-04 02:48:50,370 INFO o.h.v.i.u.Version [background-preinit] HV000001: Hibernate Validator 8.0.1.Final
2025-02-04 02:48:50,427 INFO o.s.b.StartupInfoLogger [restartedMain] Starting HappySchoolApplication using Java 21.0.4 with PID 147943 (/home/wolf/Documentos/desenvolvimento/estudos/udemy-eazybytes-master-spring6-spring-boot3-rest-jpa-hibernate/happyschool/target/classes started by wolf in /home/wolf/Documentos/desenvolvimento/estudos/udemy-eazybytes-master-spring6-spring-boot3-rest-jpa-hibernate/happyschool)
2025-02-04 02:48:50,428 INFO o.s.b.SpringApplication [restartedMain] The following 1 profile is active: "development"
2025-02-04 02:48:50,531 INFO o.s.b.l.DeferredLog [restartedMain] Devtools property defaults active! Set 'spring.devtools.add-properties' to 'false' to disable
2025-02-04 02:48:50,532 INFO o.s.b.l.DeferredLog [restartedMain] For additional web related logging consider setting the 'logging.level.web' property to 'DEBUG'
2025-02-04 02:48:51,554 INFO o.s.d.r.c.RepositoryConfigurationDelegate [restartedMain] Bootstrapping Spring Data JPA repositories in DEFAULT mode.
2025-02-04 02:48:51,616 INFO o.s.d.r.c.RepositoryConfigurationDelegate [restartedMain] Finished Spring Data repository scanning in 52 ms. Found 5 JPA repository interfaces.
2025-02-04 02:48:53,373 INFO o.s.b.w.e.t.TomcatWebServer [restartedMain] Tomcat initialized with port 8085 (http)
2025-02-04 02:48:53,397 INFO o.a.j.l.DirectJDKLog [restartedMain] Initializing ProtocolHandler ["http-nio-8085"]
2025-02-04 02:48:53,399 INFO o.a.j.l.DirectJDKLog [restartedMain] Starting service [Tomcat]
2025-02-04 02:48:53,400 INFO o.a.j.l.DirectJDKLog [restartedMain] Starting Servlet engine: [Apache Tomcat/10.1.25]
2025-02-04 02:48:53,449 INFO o.a.j.l.DirectJDKLog [restartedMain] Initializing Spring embedded WebApplicationContext
2025-02-04 02:48:53,451 INFO o.s.b.w.s.c.ServletWebServerApplicationContext [restartedMain] Root WebApplicationContext: initialization completed in 2917 ms
2025-02-04 02:48:53,945 INFO o.h.j.i.u.LogHelper [restartedMain] HHH000204: Processing PersistenceUnitInfo [name: default]
2025-02-04 02:48:53,985 INFO o.h.Version [restartedMain] HHH000412: Hibernate ORM core version 6.5.2.Final
2025-02-04 02:48:54,016 INFO o.h.c.i.RegionFactoryInitiator [restartedMain] HHH000026: Second-level cache disabled
2025-02-04 02:48:54,293 INFO o.s.o.j.p.SpringPersistenceUnitInfo [restartedMain] No LoadTimeWeaver setup: ignoring JPA class transformer
2025-02-04 02:48:54,316 INFO c.z.h.HikariDataSource [restartedMain] HikariPool-1 - Starting...
2025-02-04 02:48:54,501 INFO c.z.h.p.HikariPool [restartedMain] HikariPool-1 - Added connection com.mysql.cj.jdbc.ConnectionImpl@77cf57f
2025-02-04 02:48:54,503 INFO c.z.h.HikariDataSource [restartedMain] HikariPool-1 - Start completed.
2025-02-04 02:48:55,773 INFO o.h.e.t.j.p.i.JtaPlatformInitiator [restartedMain] HHH000489: No JTA platform available (set 'hibernate.transaction.jta.platform' to enable JTA platform integration)
2025-02-04 02:48:55,840 INFO o.s.o.j.AbstractEntityManagerFactoryBean [restartedMain] Initialized JPA EntityManagerFactory for persistence unit 'default'
2025-02-04 02:48:56,944 INFO o.s.s.c.a.a.c.InitializeAuthenticationProviderBeanManagerConfigurer$InitializeAuthenticationProviderManagerConfigurer [restartedMain] Global AuthenticationManager configured with AuthenticationProvider bean with name happySchoolUsernamePasswordAuthenticationProvider
2025-02-04 02:48:57,802 INFO o.s.b.a.e.w.EndpointLinksResolver [restartedMain] Exposing 14 endpoints beneath base path '/happyschool/actuator'
2025-02-04 02:48:58,746 INFO o.s.b.d.a.OptionalLiveReloadServer [restartedMain] LiveReload server is running on port 35729
2025-02-04 02:48:58,815 INFO o.a.j.l.DirectJDKLog [restartedMain] Starting ProtocolHandler ["http-nio-8085"]
2025-02-04 02:48:58,828 INFO o.s.b.w.e.t.TomcatWebServer [restartedMain] Tomcat started on port 8085 (http) with context path '/'
2025-02-04 02:48:58,850 INFO o.s.b.StartupInfoLogger [restartedMain] Started HappySchoolApplication in 8.992 seconds (process running for 9.929)
2025-02-04 02:49:06,088 INFO o.s.o.j.AbstractEntityManagerFactoryBean [SpringApplicationShutdownHook] Closing JPA EntityManagerFactory for persistence unit 'default'
2025-02-04 02:49:06,092 INFO c.z.h.HikariDataSource [SpringApplicationShutdownHook] HikariPool-1 - Shutdown initiated...
2025-02-04 02:49:06,101 INFO c.z.h.HikariDataSource [SpringApplicationShutdownHook] HikariPool-1 - Shutdown completed.
2025-02-04 02:49:09,498 INFO o.h.v.i.u.Version [background-preinit] HV000001: Hibernate Validator 8.0.1.Final
2025-02-04 02:49:09,583 INFO o.s.b.StartupInfoLogger [restartedMain] Starting HappySchoolApplication using Java 21.0.4 with PID 148044 (/home/wolf/Documentos/desenvolvimento/estudos/udemy-eazybytes-master-spring6-spring-boot3-rest-jpa-hibernate/happyschool/target/classes started by wolf in /home/wolf/Documentos/desenvolvimento/estudos/udemy-eazybytes-master-spring6-spring-boot3-rest-jpa-hibernate/happyschool)
2025-02-04 02:49:09,584 INFO o.s.b.SpringApplication [restartedMain] The following 1 profile is active: "development"
2025-02-04 02:49:09,654 INFO o.s.b.l.DeferredLog [restartedMain] Devtools property defaults active! Set 'spring.devtools.add-properties' to 'false' to disable
2025-02-04 02:49:09,654 INFO o.s.b.l.DeferredLog [restartedMain] For additional web related logging consider setting the 'logging.level.web' property to 'DEBUG'
2025-02-04 02:49:10,679 INFO o.s.d.r.c.RepositoryConfigurationDelegate [restartedMain] Bootstrapping Spring Data JPA repositories in DEFAULT mode.
2025-02-04 02:49:10,733 INFO o.s.d.r.c.RepositoryConfigurationDelegate [restartedMain] Finished Spring Data repository scanning in 44 ms. Found 5 JPA repository interfaces.
2025-02-04 02:49:12,482 INFO o.s.b.w.e.t.TomcatWebServer [restartedMain] Tomcat initialized with port 8085 (http)
2025-02-04 02:49:12,495 INFO o.a.j.l.DirectJDKLog [restartedMain] Initializing ProtocolHandler ["http-nio-8085"]
2025-02-04 02:49:12,497 INFO o.a.j.l.DirectJDKLog [restartedMain] Starting service [Tomcat]
2025-02-04 02:49:12,498 INFO o.a.j.l.DirectJDKLog [restartedMain] Starting Servlet engine: [Apache Tomcat/10.1.25]
2025-02-04 02:49:12,545 INFO o.a.j.l.DirectJDKLog [restartedMain] Initializing Spring embedded WebApplicationContext
2025-02-04 02:49:12,547 INFO o.s.b.w.s.c.ServletWebServerApplicationContext [restartedMain] Root WebApplicationContext: initialization completed in 2887 ms
2025-02-04 02:49:13,081 INFO o.h.j.i.u.LogHelper [restartedMain] HHH000204: Processing PersistenceUnitInfo [name: default]
2025-02-04 02:49:13,131 INFO o.h.Version [restartedMain] HHH000412: Hibernate ORM core version 6.5.2.Final
2025-02-04 02:49:13,159 INFO o.h.c.i.RegionFactoryInitiator [restartedMain] HHH000026: Second-level cache disabled
2025-02-04 02:49:13,458 INFO o.s.o.j.p.SpringPersistenceUnitInfo [restartedMain] No LoadTimeWeaver setup: ignoring JPA class transformer
2025-02-04 02:49:13,487 INFO c.z.h.HikariDataSource [restartedMain] HikariPool-1 - Starting...
2025-02-04 02:49:13,641 INFO c.z.h.p.HikariPool [restartedMain] HikariPool-1 - Added connection com.mysql.cj.jdbc.ConnectionImpl@1f0a83
2025-02-04 02:49:13,642 INFO c.z.h.HikariDataSource [restartedMain] HikariPool-1 - Start completed.
2025-02-04 02:49:14,957 INFO o.h.e.t.j.p.i.JtaPlatformInitiator [restartedMain] HHH000489: No JTA platform available (set 'hibernate.transaction.jta.platform' to enable JTA platform integration)
2025-02-04 02:49:15,027 INFO o.s.o.j.AbstractEntityManagerFactoryBean [restartedMain] Initialized JPA EntityManagerFactory for persistence unit 'default'
2025-02-04 02:49:16,420 INFO o.s.s.c.a.a.c.InitializeAuthenticationProviderBeanManagerConfigurer$InitializeAuthenticationProviderManagerConfigurer [restartedMain] Global AuthenticationManager configured with AuthenticationProvider bean with name happySchoolUsernamePasswordAuthenticationProvider
2025-02-04 02:49:17,605 INFO o.s.b.a.e.w.EndpointLinksResolver [restartedMain] Exposing 14 endpoints beneath base path '/happyschool/actuator'
2025-02-04 02:49:18,767 INFO o.s.b.d.a.OptionalLiveReloadServer [restartedMain] LiveReload server is running on port 35729
2025-02-04 02:49:18,866 INFO o.a.j.l.DirectJDKLog [restartedMain] Starting ProtocolHandler ["http-nio-8085"]
2025-02-04 02:49:18,910 INFO o.s.b.w.e.t.TomcatWebServer [restartedMain] Tomcat started on port 8085 (http) with context path '/'
2025-02-04 02:49:18,936 INFO o.s.b.StartupInfoLogger [restartedMain] Started HappySchoolApplication in 9.945 seconds (process running for 10.985)
2025-02-04 02:49:24,060 INFO o.s.o.j.AbstractEntityManagerFactoryBean [SpringApplicationShutdownHook] Closing JPA EntityManagerFactory for persistence unit 'default'
2025-02-04 02:49:24,065 INFO c.z.h.HikariDataSource [SpringApplicationShutdownHook] HikariPool-1 - Shutdown initiated...
2025-02-04 02:49:24,074 INFO c.z.h.HikariDataSource [SpringApplicationShutdownHook] HikariPool-1 - Shutdown completed.
2025-02-04 02:49:26,481 INFO o.h.v.i.u.Version [background-preinit] HV000001: Hibernate Validator 8.0.1.Final
2025-02-04 02:49:26,550 INFO o.s.b.StartupInfoLogger [restartedMain] Starting HappySchoolApplication using Java 21.0.4 with PID 148145 (/home/wolf/Documentos/desenvolvimento/estudos/udemy-eazybytes-master-spring6-spring-boot3-rest-jpa-hibernate/happyschool/target/classes started by wolf in /home/wolf/Documentos/desenvolvimento/estudos/udemy-eazybytes-master-spring6-spring-boot3-rest-jpa-hibernate/happyschool)
2025-02-04 02:49:26,552 INFO o.s.b.SpringApplication [restartedMain] The following 1 profile is active: "development"
2025-02-04 02:49:26,669 INFO o.s.b.l.DeferredLog [restartedMain] Devtools property defaults active! Set 'spring.devtools.add-properties' to 'false' to disable
2025-02-04 02:49:26,670 INFO o.s.b.l.DeferredLog [restartedMain] For additional web related logging consider setting the 'logging.level.web' property to 'DEBUG'
2025-02-04 02:49:27,757 INFO o.s.d.r.c.RepositoryConfigurationDelegate [restartedMain] Bootstrapping Spring Data JPA repositories in DEFAULT mode.
2025-02-04 02:49:27,827 INFO o.s.d.r.c.RepositoryConfigurationDelegate [restartedMain] Finished Spring Data repository scanning in 58 ms. Found 5 JPA repository interfaces.
2025-02-04 02:49:29,647 INFO o.s.b.w.e.t.TomcatWebServer [restartedMain] Tomcat initialized with port 8085 (http)
2025-02-04 02:49:29,659 INFO o.a.j.l.DirectJDKLog [restartedMain] Initializing ProtocolHandler ["http-nio-8085"]
2025-02-04 02:49:29,662 INFO o.a.j.l.DirectJDKLog [restartedMain] Starting service [Tomcat]
2025-02-04 02:49:29,663 INFO o.a.j.l.DirectJDKLog [restartedMain] Starting Servlet engine: [Apache Tomcat/10.1.25]
2025-02-04 02:49:29,706 INFO o.a.j.l.DirectJDKLog [restartedMain] Initializing Spring embedded WebApplicationContext
2025-02-04 02:49:29,707 INFO o.s.b.w.s.c.ServletWebServerApplicationContext [restartedMain] Root WebApplicationContext: initialization completed in 3033 ms
2025-02-04 02:49:30,332 INFO o.h.j.i.u.LogHelper [restartedMain] HHH000204: Processing PersistenceUnitInfo [name: default]
2025-02-04 02:49:30,400 INFO o.h.Version [restartedMain] HHH000412: Hibernate ORM core version 6.5.2.Final
2025-02-04 02:49:30,445 INFO o.h.c.i.RegionFactoryInitiator [restartedMain] HHH000026: Second-level cache disabled
2025-02-04 02:49:30,826 INFO o.s.o.j.p.SpringPersistenceUnitInfo [restartedMain] No LoadTimeWeaver setup: ignoring JPA class transformer
2025-02-04 02:49:30,859 INFO c.z.h.HikariDataSource [restartedMain] HikariPool-1 - Starting...
2025-02-04 02:49:31,083 INFO c.z.h.p.HikariPool [restartedMain] HikariPool-1 - Added connection com.mysql.cj.jdbc.ConnectionImpl@1eb446c1
2025-02-04 02:49:31,086 INFO c.z.h.HikariDataSource [restartedMain] HikariPool-1 - Start completed.
2025-02-04 02:49:32,506 INFO o.h.e.t.j.p.i.JtaPlatformInitiator [restartedMain] HHH000489: No JTA platform available (set 'hibernate.transaction.jta.platform' to enable JTA platform integration)
2025-02-04 02:49:32,585 INFO o.s.o.j.AbstractEntityManagerFactoryBean [restartedMain] Initialized JPA EntityManagerFactory for persistence unit 'default'
2025-02-04 02:49:33,794 INFO o.s.s.c.a.a.c.InitializeAuthenticationProviderBeanManagerConfigurer$InitializeAuthenticationProviderManagerConfigurer [restartedMain] Global AuthenticationManager configured with AuthenticationProvider bean with name happySchoolUsernamePasswordAuthenticationProvider
2025-02-04 02:49:34,823 INFO o.s.b.a.e.w.EndpointLinksResolver [restartedMain] Exposing 14 endpoints beneath base path '/happyschool/actuator'
2025-02-04 02:49:35,823 INFO o.s.b.d.a.OptionalLiveReloadServer [restartedMain] LiveReload server is running on port 35729
2025-02-04 02:49:35,889 INFO o.a.j.l.DirectJDKLog [restartedMain] Starting ProtocolHandler ["http-nio-8085"]
2025-02-04 02:49:35,902 INFO o.s.b.w.e.t.TomcatWebServer [restartedMain] Tomcat started on port 8085 (http) with context path '/'
2025-02-04 02:49:35,928 INFO o.s.b.StartupInfoLogger [restartedMain] Started HappySchoolApplication in 9.958 seconds (process running for 11.019)
2025-02-04 02:49:49,869 INFO o.s.o.j.AbstractEntityManagerFactoryBean [SpringApplicationShutdownHook] Closing JPA EntityManagerFactory for persistence unit 'default'
2025-02-04 02:49:49,873 INFO c.z.h.HikariDataSource [SpringApplicationShutdownHook] HikariPool-1 - Shutdown initiated...
2025-02-04 02:49:49,882 INFO c.z.h.HikariDataSource [SpringApplicationShutdownHook] HikariPool-1 - Shutdown completed.
